<?xml version="1.0" encoding="UTF-8"?>
<coverage generated="1698767924115" clover="3.2.0">
  <project timestamp="1698767924115" name="All files">
    <metrics statements="23" coveredstatements="10" conditionals="4" coveredconditionals="2" methods="14" coveredmethods="4" elements="41" coveredelements="16" complexity="0" loc="23" ncloc="23" packages="3" files="7" classes="7"/>
    <package name="src">
      <metrics statements="4" coveredstatements="4" conditionals="0" coveredconditionals="0" methods="2" coveredmethods="2"/>
      <file name="App.tsx" path="C:\Users\samwe\OneDrive\Documents\GitHub\The-A-Team\App\src\App.tsx">
        <metrics statements="2" coveredstatements="2" conditionals="0" coveredconditionals="0" methods="1" coveredmethods="1"/>
        <line num="9" count="1" type="stmt"/>
        <line num="11" count="1" type="stmt"/>
      </file>
      <file name="WelcomePage.tsx" path="C:\Users\samwe\OneDrive\Documents\GitHub\The-A-Team\App\src\WelcomePage.tsx">
        <metrics statements="2" coveredstatements="2" conditionals="0" coveredconditionals="0" methods="1" coveredmethods="1"/>
        <line num="11" count="1" type="stmt"/>
        <line num="13" count="1" type="stmt"/>
      </file>
    </package>
    <package name="src.components">
      <metrics statements="19" coveredstatements="6" conditionals="4" coveredconditionals="2" methods="12" coveredmethods="2"/>
      <file name="LoginPanel.tsx" path="C:\Users\samwe\OneDrive\Documents\GitHub\The-A-Team\App\src\components\LoginPanel.tsx">
        <metrics statements="10" coveredstatements="3" conditionals="2" coveredconditionals="1" methods="7" coveredmethods="1"/>
        <line num="8" count="1" type="stmt"/>
        <line num="9" count="1" type="stmt"/>
        <line num="12" count="0" type="stmt"/>
        <line num="16" count="0" type="stmt"/>
        <line num="20" count="0" type="stmt"/>
        <line num="21" count="0" type="stmt"/>
        <line num="24" count="1" type="stmt"/>
        <line num="32" count="0" type="stmt"/>
        <line num="47" count="0" type="stmt"/>
        <line num="59" count="0" type="stmt"/>
      </file>
      <file name="NewPostBox.tsx" path="C:\Users\samwe\OneDrive\Documents\GitHub\The-A-Team\App\src\components\NewPostBox.tsx">
        <metrics statements="9" coveredstatements="3" conditionals="2" coveredconditionals="1" methods="5" coveredmethods="1"/>
        <line num="6" count="1" type="stmt"/>
        <line num="7" count="1" type="stmt"/>
        <line num="13" count="0" type="stmt"/>
        <line num="14" count="0" type="stmt"/>
        <line num="15" count="0" type="stmt"/>
        <line num="18" count="1" type="stmt"/>
        <line num="23" count="0" type="stmt"/>
        <line num="33" count="0" type="stmt"/>
        <line num="37" count="0" type="stmt"/>
      </file>
    </package>
    <package name="src.interfaces">
      <metrics statements="0" coveredstatements="0" conditionals="0" coveredconditionals="0" methods="0" coveredmethods="0"/>
      <file name="User.ts" path="C:\Users\samwe\OneDrive\Documents\GitHub\The-A-Team\App\src\interfaces\User.ts">
        <metrics statements="0" coveredstatements="0" conditionals="0" coveredconditionals="0" methods="0" coveredmethods="0"/>
      </file>
      <file name="answer.ts" path="C:\Users\samwe\OneDrive\Documents\GitHub\The-A-Team\App\src\interfaces\answer.ts">
        <metrics statements="0" coveredstatements="0" conditionals="0" coveredconditionals="0" methods="0" coveredmethods="0"/>
      </file>
      <file name="question.ts" path="C:\Users\samwe\OneDrive\Documents\GitHub\The-A-Team\App\src\interfaces\question.ts">
        <metrics statements="0" coveredstatements="0" conditionals="0" coveredconditionals="0" methods="0" coveredmethods="0"/>
      </file>
    </package>
  </project>
</coverage>
