TN:
SF:src\App.tsx
FN:8,App
FNF:1
FNH:1
FNDA:1,App
DA:9,1
DA:11,1
LF:2
LH:2
BRF:0
BRH:0
end_of_record
TN:
SF:src\WelcomePage.tsx
FN:10,WelcomePage
FNF:1
FNH:1
FNDA:1,WelcomePage
DA:11,1
DA:13,1
LF:2
LH:2
BRF:0
BRH:0
end_of_record
TN:
SF:src\components\LoginPanel.tsx
FN:7,LoginPanel
FN:11,handleLogin
FN:15,handleLogout
FN:19,handleSubmit
FN:32,(anonymous_4)
FN:46,(anonymous_5)
FN:58,(anonymous_6)
FNF:7
FNH:1
FNDA:1,LoginPanel
FNDA:0,handleLogin
FNDA:0,handleLogout
FNDA:0,handleSubmit
FNDA:0,(anonymous_4)
FNDA:0,(anonymous_5)
FNDA:0,(anonymous_6)
DA:8,1
DA:9,1
DA:12,0
DA:16,0
DA:20,0
DA:21,0
DA:24,1
DA:32,0
DA:47,0
DA:59,0
LF:10
LH:3
BRDA:27,0,0,0
BRDA:27,0,1,1
BRF:2
BRH:1
end_of_record
TN:
SF:src\components\NewPostBox.tsx
FN:5,NewPostBox
FN:9,publishPost
FN:23,(anonymous_2)
FN:33,(anonymous_3)
FN:37,(anonymous_4)
FNF:5
FNH:1
FNDA:1,NewPostBox
FNDA:0,publishPost
FNDA:0,(anonymous_2)
FNDA:0,(anonymous_3)
FNDA:0,(anonymous_4)
DA:6,1
DA:7,1
DA:13,0
DA:14,0
DA:15,0
DA:18,1
DA:23,0
DA:33,0
DA:37,0
LF:9
LH:3
BRDA:20,0,0,1
BRDA:20,0,1,0
BRF:2
BRH:1
end_of_record
TN:
SF:src\interfaces\User.ts
FNF:0
FNH:0
LF:0
LH:0
BRF:0
BRH:0
end_of_record
TN:
SF:src\interfaces\answer.ts
FNF:0
FNH:0
LF:0
LH:0
BRF:0
BRH:0
end_of_record
TN:
SF:src\interfaces\question.ts
FNF:0
FNH:0
LF:0
LH:0
BRF:0
BRH:0
end_of_record
